2021-10-06 11:26:00,447 - INFO - logger set up
2021-10-06 11:26:01,438 - INFO - Team: Toad Brigade
2021-10-06 11:26:12,676 - INFO - 空のactionsの数: 1
2021-10-06 11:26:12,791 - INFO - north: 133632
2021-10-06 11:26:12,791 - INFO - south: 234419
2021-10-06 11:26:12,791 - INFO - west : 169748
2021-10-06 11:26:12,791 - INFO - east : 124145
2021-10-06 11:26:12,792 - INFO - bcity: 55362
2021-10-06 11:26:12,792 - INFO - pillage:  20
2021-10-06 11:26:12,792 - INFO - transfer: 330911
2021-10-06 11:29:03,458 - INFO - logger set up
2021-10-06 11:29:04,411 - INFO - Team: Toad Brigade
2021-10-06 11:29:15,502 - INFO - 空のactionsの数: 1
2021-10-06 11:29:15,612 - INFO - north: 133632
2021-10-06 11:29:15,612 - INFO - south: 234419
2021-10-06 11:29:15,612 - INFO - west : 169748
2021-10-06 11:29:15,612 - INFO - east : 124145
2021-10-06 11:29:15,612 - INFO - bcity: 55362
2021-10-06 11:29:15,612 - INFO - pillage:  20
2021-10-06 11:29:15,612 - INFO - transfer: 330911
2021-10-06 11:31:52,061 - INFO - logger set up
2021-10-06 11:31:53,128 - INFO - Team: Toad Brigade
2021-10-06 11:32:04,166 - INFO - 空のactionsの数: 1
2021-10-06 11:32:04,273 - INFO - north: 133632
2021-10-06 11:32:04,273 - INFO - south: 234419
2021-10-06 11:32:04,273 - INFO - west : 169748
2021-10-06 11:32:04,273 - INFO - east : 124145
2021-10-06 11:32:04,273 - INFO - bcity: 55362
2021-10-06 11:32:04,273 - INFO - pillage:  20
2021-10-06 11:32:04,273 - INFO - transfer: 330911
2021-10-06 11:38:01,053 - INFO - logger set up
2021-10-06 11:38:02,070 - INFO - Team: Toad Brigade
2021-10-06 11:38:13,057 - INFO - 空のactionsの数: 1
2021-10-06 11:38:13,167 - INFO - north: 133632
2021-10-06 11:38:13,167 - INFO - south: 234419
2021-10-06 11:38:13,168 - INFO - west : 169748
2021-10-06 11:38:13,168 - INFO - east : 124145
2021-10-06 11:38:13,168 - INFO - bcity: 55362
2021-10-06 11:38:13,168 - INFO - pillage:  20
2021-10-06 11:38:13,168 - INFO - transfer: 330911
2021-10-06 11:39:15,711 - INFO - logger set up
2021-10-06 11:39:16,667 - INFO - Team: Toad Brigade
2021-10-06 11:39:27,810 - INFO - 空のactionsの数: 1
2021-10-06 11:39:27,920 - INFO - north: 133632
2021-10-06 11:39:27,920 - INFO - south: 234419
2021-10-06 11:39:27,920 - INFO - west : 169748
2021-10-06 11:39:27,920 - INFO - east : 124145
2021-10-06 11:39:27,920 - INFO - bcity: 55362
2021-10-06 11:39:27,920 - INFO - pillage:  20
2021-10-06 11:39:27,920 - INFO - transfer: 330911
2021-10-06 11:44:32,058 - INFO - Epoch 1/10 |  val  | Loss(policy): 0.7530 | Loss(value): 0.0005 | Acc: 0.7095
2021-10-06 11:51:43,214 - INFO - logger set up
2021-10-06 11:51:44,196 - INFO - Team: Toad Brigade
2021-10-06 11:51:55,080 - INFO - 空のactionsの数: 1
2021-10-06 11:51:55,186 - INFO - north: 133632
2021-10-06 11:51:55,186 - INFO - south: 234419
2021-10-06 11:51:55,186 - INFO - west : 169748
2021-10-06 11:51:55,186 - INFO - east : 124145
2021-10-06 11:51:55,186 - INFO - bcity: 55362
2021-10-06 11:51:55,186 - INFO - pillage:  20
2021-10-06 11:51:55,186 - INFO - transfer: 330911
2021-10-06 11:54:06,573 - INFO - logger set up
2021-10-06 11:54:07,556 - INFO - Team: Toad Brigade
2021-10-06 11:54:18,833 - INFO - 空のactionsの数: 1
2021-10-06 11:54:18,944 - INFO - north: 133632
2021-10-06 11:54:18,944 - INFO - south: 234419
2021-10-06 11:54:18,944 - INFO - west : 169748
2021-10-06 11:54:18,944 - INFO - east : 124145
2021-10-06 11:54:18,944 - INFO - bcity: 55362
2021-10-06 11:54:18,944 - INFO - pillage:  20
2021-10-06 11:54:18,944 - INFO - transfer: 330911
2021-10-06 11:59:22,585 - INFO - Epoch 1/10 |  val  | Loss(policy): 0.7530 | Loss(value): 0.0005 | Acc: 0.7095
2021-10-06 12:04:24,873 - INFO - Epoch 2/10 |  val  | Loss(policy): 0.6957 | Loss(value): 0.0011 | Acc: 0.7301
2021-10-06 12:09:27,438 - INFO - Epoch 3/10 |  val  | Loss(policy): 0.6694 | Loss(value): 0.0003 | Acc: 0.7423
2021-10-06 12:14:30,536 - INFO - Epoch 4/10 |  val  | Loss(policy): 0.6531 | Loss(value): 0.0002 | Acc: 0.7466
2021-10-06 12:19:33,600 - INFO - Epoch 5/10 |  val  | Loss(policy): 0.6432 | Loss(value): 0.0003 | Acc: 0.7502
2021-10-06 12:24:36,376 - INFO - Epoch 6/10 |  val  | Loss(policy): 0.6448 | Loss(value): 0.0001 | Acc: 0.7492
2021-10-06 12:29:39,194 - INFO - Epoch 7/10 |  val  | Loss(policy): 0.6221 | Loss(value): 0.0007 | Acc: 0.7573
2021-10-06 12:34:42,052 - INFO - Epoch 8/10 |  val  | Loss(policy): 0.6145 | Loss(value): 0.0001 | Acc: 0.7624
2021-10-06 12:39:45,354 - INFO - Epoch 9/10 |  val  | Loss(policy): 0.6387 | Loss(value): 0.0001 | Acc: 0.7549
2021-10-06 12:44:48,402 - INFO - Epoch 10/10 |  val  | Loss(policy): 0.6109 | Loss(value): 0.0001 | Acc: 0.7640
2021-10-06 13:19:35,648 - INFO - logger set up
2021-10-06 13:19:36,656 - INFO - Team: Toad Brigade
2021-10-06 13:19:47,670 - INFO - 空のactionsの数: 1
2021-10-06 13:19:47,781 - INFO - north: 133632
2021-10-06 13:19:47,781 - INFO - south: 234419
2021-10-06 13:19:47,781 - INFO - west : 169748
2021-10-06 13:19:47,781 - INFO - east : 124145
2021-10-06 13:19:47,781 - INFO - bcity: 55362
2021-10-06 13:19:47,781 - INFO - pillage:  20
2021-10-06 13:19:47,781 - INFO - transfer: 330911
2021-10-06 13:24:51,638 - INFO - Epoch 1/10 |  val  | Loss(policy): 0.7530 | Loss(value): 0.0295 | Acc: 0.7095
2021-10-06 13:29:54,086 - INFO - Epoch 2/10 |  val  | Loss(policy): 0.6957 | Loss(value): 0.0708 | Acc: 0.7301
2021-10-06 13:34:56,577 - INFO - Epoch 3/10 |  val  | Loss(policy): 0.6694 | Loss(value): 0.0171 | Acc: 0.7423
2021-10-06 13:39:59,515 - INFO - Epoch 4/10 |  val  | Loss(policy): 0.6531 | Loss(value): 0.0100 | Acc: 0.7466
2021-10-06 13:45:02,175 - INFO - Epoch 5/10 |  val  | Loss(policy): 0.6432 | Loss(value): 0.0161 | Acc: 0.7502
2021-10-06 13:50:04,739 - INFO - Epoch 6/10 |  val  | Loss(policy): 0.6448 | Loss(value): 0.0077 | Acc: 0.7492
2021-10-06 13:55:07,384 - INFO - Epoch 7/10 |  val  | Loss(policy): 0.6221 | Loss(value): 0.0459 | Acc: 0.7573
2021-10-06 14:00:10,894 - INFO - Epoch 8/10 |  val  | Loss(policy): 0.6145 | Loss(value): 0.0068 | Acc: 0.7624
2021-10-06 14:05:14,058 - INFO - Epoch 9/10 |  val  | Loss(policy): 0.6387 | Loss(value): 0.0079 | Acc: 0.7549
2021-10-06 14:10:16,901 - INFO - Epoch 10/10 |  val  | Loss(policy): 0.6109 | Loss(value): 0.0047 | Acc: 0.7640
