2021-09-21 23:00:02,884 - INFO - logger set up
2021-09-21 23:00:12,928 - INFO - north: 85533
2021-09-21 23:00:12,928 - INFO - south: 171457
2021-09-21 23:00:12,928 - INFO - west : 111774
2021-09-21 23:00:12,928 - INFO - east : 81275
2021-09-21 23:00:12,928 - INFO - bcity: 36831
2021-09-21 23:02:30,540 - INFO - Epoch 1/30 |  val  | Loss: 0.6827 | Acc: 0.7243
2021-09-21 23:04:47,528 - INFO - Epoch 2/30 |  val  | Loss: 0.6330 | Acc: 0.7444
2021-09-21 23:07:04,741 - INFO - Epoch 3/30 |  val  | Loss: 0.6114 | Acc: 0.7541
2021-09-21 23:09:21,881 - INFO - Epoch 4/30 |  val  | Loss: 0.5804 | Acc: 0.7648
2021-09-21 23:11:39,210 - INFO - Epoch 5/30 |  val  | Loss: 0.5744 | Acc: 0.7671
2021-09-21 23:13:56,494 - INFO - Epoch 6/30 |  val  | Loss: 0.5776 | Acc: 0.7660
2021-09-21 23:16:13,515 - INFO - Epoch 7/30 |  val  | Loss: 0.5602 | Acc: 0.7741
2021-09-21 23:18:30,669 - INFO - Epoch 8/30 |  val  | Loss: 0.5567 | Acc: 0.7721
2021-09-21 23:20:47,861 - INFO - Epoch 9/30 |  val  | Loss: 0.5501 | Acc: 0.7800
2021-09-21 23:23:05,179 - INFO - Epoch 10/30 |  val  | Loss: 0.5612 | Acc: 0.7756
2021-09-21 23:25:22,417 - INFO - Epoch 11/30 |  val  | Loss: 0.5323 | Acc: 0.7843
2021-09-21 23:27:39,789 - INFO - Epoch 12/30 |  val  | Loss: 0.5572 | Acc: 0.7778
2021-09-21 23:29:57,259 - INFO - Epoch 13/30 |  val  | Loss: 0.5392 | Acc: 0.7843
2021-09-21 23:32:14,686 - INFO - Epoch 14/30 |  val  | Loss: 0.5320 | Acc: 0.7860
2021-09-21 23:34:32,135 - INFO - Epoch 15/30 |  val  | Loss: 0.5311 | Acc: 0.7867
2021-09-21 23:36:49,516 - INFO - Epoch 16/30 |  val  | Loss: 0.5343 | Acc: 0.7876
2021-09-21 23:39:07,166 - INFO - Epoch 17/30 |  val  | Loss: 0.5344 | Acc: 0.7883
2021-09-21 23:41:24,495 - INFO - Epoch 18/30 |  val  | Loss: 0.5275 | Acc: 0.7904
2021-09-21 23:43:41,987 - INFO - Epoch 19/30 |  val  | Loss: 0.5332 | Acc: 0.7880
2021-09-21 23:45:59,348 - INFO - Epoch 20/30 |  val  | Loss: 0.5336 | Acc: 0.7862
2021-09-21 23:48:16,821 - INFO - Epoch 21/30 |  val  | Loss: 0.5384 | Acc: 0.7852
2021-09-21 23:50:34,081 - INFO - Epoch 22/30 |  val  | Loss: 0.5578 | Acc: 0.7785
2021-09-21 23:52:51,216 - INFO - Epoch 23/30 |  val  | Loss: 0.5510 | Acc: 0.7777
2021-09-21 23:55:08,759 - INFO - Epoch 24/30 |  val  | Loss: 0.5322 | Acc: 0.7890
2021-09-21 23:57:26,226 - INFO - Epoch 25/30 |  val  | Loss: 0.5331 | Acc: 0.7897
2021-09-21 23:59:43,404 - INFO - Epoch 26/30 |  val  | Loss: 0.5249 | Acc: 0.7919
2021-09-22 00:02:00,851 - INFO - Epoch 27/30 |  val  | Loss: 0.5265 | Acc: 0.7902
2021-09-22 00:04:18,387 - INFO - Epoch 28/30 |  val  | Loss: 0.5161 | Acc: 0.7950
2021-09-22 00:06:35,761 - INFO - Epoch 29/30 |  val  | Loss: 0.5307 | Acc: 0.7887
2021-09-22 00:08:52,907 - INFO - Epoch 30/30 |  val  | Loss: 0.5539 | Acc: 0.7861
2021-10-05 22:16:51,868 - INFO - logger set up
2021-10-05 22:17:02,041 - INFO - north: 85533
2021-10-05 22:17:02,041 - INFO - south: 171457
2021-10-05 22:17:02,041 - INFO - west : 111774
2021-10-05 22:17:02,041 - INFO - east : 81275
2021-10-05 22:17:02,041 - INFO - bcity: 36831
2021-10-05 22:19:20,894 - INFO - Epoch 1/10 |  val  | Loss: 0.6827 | Acc: 0.7243
2021-10-05 22:21:38,445 - INFO - Epoch 2/10 |  val  | Loss: 0.6330 | Acc: 0.7444
2021-10-05 22:23:56,081 - INFO - Epoch 3/10 |  val  | Loss: 0.6114 | Acc: 0.7541
2021-10-05 22:26:13,870 - INFO - Epoch 4/10 |  val  | Loss: 0.5804 | Acc: 0.7648
2021-10-05 22:28:31,823 - INFO - Epoch 5/10 |  val  | Loss: 0.5744 | Acc: 0.7671
2021-10-05 22:30:49,660 - INFO - Epoch 6/10 |  val  | Loss: 0.5776 | Acc: 0.7660
2021-10-05 22:33:07,407 - INFO - Epoch 7/10 |  val  | Loss: 0.5602 | Acc: 0.7741
2021-10-05 22:35:25,228 - INFO - Epoch 8/10 |  val  | Loss: 0.5567 | Acc: 0.7721
2021-10-05 22:37:42,770 - INFO - Epoch 9/10 |  val  | Loss: 0.5501 | Acc: 0.7800
2021-10-05 22:40:00,728 - INFO - Epoch 10/10 |  val  | Loss: 0.5612 | Acc: 0.7756
