2021-09-22 23:30:47,798 - INFO - logger set up
2021-09-22 23:30:48,739 - INFO - Team: Toad Brigade
2021-09-22 23:30:59,529 - INFO - 空のactionsの数: 1
2021-09-22 23:30:59,529 - INFO - obses:154937 samples:717306
2021-09-22 23:30:59,635 - INFO - north: 133632
2021-09-22 23:30:59,635 - INFO - south: 234419
2021-09-22 23:30:59,635 - INFO - west : 169748
2021-09-22 23:30:59,635 - INFO - east : 124145
2021-09-22 23:30:59,636 - INFO - bcity: 55362
2021-09-22 23:34:20,685 - INFO - Epoch 1/30 |  val  | Loss: 0.6622 | Acc: 0.7378
2021-09-22 23:37:40,741 - INFO - Epoch 2/30 |  val  | Loss: 0.6114 | Acc: 0.7546
2021-09-22 23:41:00,911 - INFO - Epoch 3/30 |  val  | Loss: 0.6040 | Acc: 0.7570
2021-09-22 23:44:21,368 - INFO - Epoch 4/30 |  val  | Loss: 0.5761 | Acc: 0.7685
2021-09-22 23:47:41,981 - INFO - Epoch 5/30 |  val  | Loss: 0.5805 | Acc: 0.7655
2021-09-22 23:51:02,216 - INFO - Epoch 6/30 |  val  | Loss: 0.5738 | Acc: 0.7690
2021-09-22 23:54:22,323 - INFO - Epoch 7/30 |  val  | Loss: 0.5554 | Acc: 0.7769
2021-09-22 23:57:42,485 - INFO - Epoch 8/30 |  val  | Loss: 0.5531 | Acc: 0.7796
2021-09-23 00:01:02,700 - INFO - Epoch 9/30 |  val  | Loss: 0.5538 | Acc: 0.7780
2021-09-23 00:04:22,939 - INFO - Epoch 10/30 |  val  | Loss: 0.5600 | Acc: 0.7750
2021-09-23 00:07:43,081 - INFO - Epoch 11/30 |  val  | Loss: 0.5413 | Acc: 0.7833
2021-09-23 00:11:03,469 - INFO - Epoch 12/30 |  val  | Loss: 0.5524 | Acc: 0.7777
2021-09-23 00:14:23,794 - INFO - Epoch 13/30 |  val  | Loss: 0.5524 | Acc: 0.7785
2021-09-23 00:17:44,236 - INFO - Epoch 14/30 |  val  | Loss: 0.5417 | Acc: 0.7850
2021-09-23 00:21:08,654 - INFO - Epoch 15/30 |  val  | Loss: 0.5394 | Acc: 0.7823
2021-09-23 00:24:29,347 - INFO - Epoch 16/30 |  val  | Loss: 0.5599 | Acc: 0.7802
2021-09-23 00:27:49,667 - INFO - Epoch 17/30 |  val  | Loss: 0.5405 | Acc: 0.7835
2021-09-23 00:31:10,025 - INFO - Epoch 18/30 |  val  | Loss: 0.5331 | Acc: 0.7876
2021-09-23 00:34:30,791 - INFO - Epoch 19/30 |  val  | Loss: 0.5286 | Acc: 0.7887
2021-09-23 00:37:51,344 - INFO - Epoch 20/30 |  val  | Loss: 0.5285 | Acc: 0.7889
2021-09-23 00:41:11,997 - INFO - Epoch 21/30 |  val  | Loss: 0.5282 | Acc: 0.7909
2021-09-23 00:44:32,468 - INFO - Epoch 22/30 |  val  | Loss: 0.5615 | Acc: 0.7797
2021-09-23 00:47:53,089 - INFO - Epoch 23/30 |  val  | Loss: 0.5339 | Acc: 0.7882
2021-09-23 00:51:13,483 - INFO - Epoch 24/30 |  val  | Loss: 0.5441 | Acc: 0.7844
2021-09-23 00:54:33,872 - INFO - Epoch 25/30 |  val  | Loss: 0.5308 | Acc: 0.7895
2021-09-23 00:57:54,254 - INFO - Epoch 26/30 |  val  | Loss: 0.5389 | Acc: 0.7842
2021-09-23 01:01:14,677 - INFO - Epoch 27/30 |  val  | Loss: 0.5241 | Acc: 0.7916
2021-09-23 01:04:35,180 - INFO - Epoch 28/30 |  val  | Loss: 0.5300 | Acc: 0.7875
2021-09-23 01:07:55,813 - INFO - Epoch 29/30 |  val  | Loss: 0.5384 | Acc: 0.7888
2021-09-23 01:11:16,602 - INFO - Epoch 30/30 |  val  | Loss: 0.5308 | Acc: 0.7889
2021-09-23 12:18:31,583 - INFO - logger set up
2021-09-23 12:18:33,722 - INFO - Team: Toad Brigade
2021-09-23 12:24:47,354 - INFO - 空のactionsの数: 1
2021-09-23 12:24:47,356 - INFO - obses:154937 samples:717306
2021-09-23 12:24:47,470 - INFO - north: 133632
2021-09-23 12:24:47,470 - INFO - south: 234419
2021-09-23 12:24:47,470 - INFO - west : 169748
2021-09-23 12:24:47,470 - INFO - east : 124145
2021-09-23 12:24:47,470 - INFO - bcity: 55362
2021-09-23 12:24:59,113 - INFO - logger set up
2021-09-23 12:25:01,035 - INFO - Team: Toad Brigade
2021-09-23 12:26:24,743 - INFO - 空のactionsの数: 1
2021-09-23 12:26:24,745 - INFO - obses:154937 samples:717306
2021-09-23 12:26:24,861 - INFO - north: 133632
2021-09-23 12:26:24,861 - INFO - south: 234419
2021-09-23 12:26:24,861 - INFO - west : 169748
2021-09-23 12:26:24,862 - INFO - east : 124145
2021-09-23 12:26:24,862 - INFO - bcity: 55362
2021-09-23 12:26:40,930 - INFO - logger set up
2021-09-23 12:26:43,042 - INFO - Team: Toad Brigade
2021-09-23 13:57:29,287 - INFO - logger set up
2021-09-23 13:57:46,586 - INFO - Team: Toad Brigade
2021-09-23 13:57:56,874 - INFO - 空のactionsの数: 1
2021-09-23 13:57:56,875 - INFO - obses:154937 samples:717306
2021-09-23 13:57:56,978 - INFO - north: 133632
2021-09-23 13:57:56,979 - INFO - south: 234419
2021-09-23 13:57:56,979 - INFO - west : 169748
2021-09-23 13:57:56,979 - INFO - east : 124145
2021-09-23 13:57:56,979 - INFO - bcity: 55362
2021-09-23 14:28:54,394 - INFO - logger set up
2021-09-23 14:28:56,922 - INFO - Team: Toad Brigade
2021-09-23 14:29:07,716 - INFO - 空のactionsの数: 1
2021-09-23 14:29:07,717 - INFO - obses:154937 samples:717306
2021-09-23 14:29:07,823 - INFO - north: 133632
2021-09-23 14:29:07,823 - INFO - south: 234419
2021-09-23 14:29:07,824 - INFO - west : 169748
2021-09-23 14:29:07,824 - INFO - east : 124145
2021-09-23 14:29:07,825 - INFO - bcity: 55362
