2021-09-22 19:54:39,136 - INFO - logger set up
2021-09-22 19:54:41,832 - INFO - north: 42093
2021-09-22 19:54:41,832 - INFO - south: 39510
2021-09-22 19:54:41,832 - INFO - west : 39401
2021-09-22 19:54:41,832 - INFO - east : 47991
2021-09-22 19:54:41,832 - INFO - bcity: 3638
2021-09-22 19:55:32,586 - INFO - Epoch 1/30 |  val  | Loss: 1.1444 | Acc: 0.4799
2021-09-22 19:56:22,161 - INFO - Epoch 2/30 |  val  | Loss: 1.0635 | Acc: 0.5306
2021-09-22 19:57:11,875 - INFO - Epoch 3/30 |  val  | Loss: 1.0299 | Acc: 0.5514
2021-09-22 19:58:01,515 - INFO - Epoch 4/30 |  val  | Loss: 1.0060 | Acc: 0.5653
2021-09-22 19:58:51,116 - INFO - Epoch 5/30 |  val  | Loss: 0.9996 | Acc: 0.5736
2021-09-22 19:59:40,876 - INFO - Epoch 6/30 |  val  | Loss: 0.9839 | Acc: 0.5772
2021-09-22 20:00:30,645 - INFO - Epoch 7/30 |  val  | Loss: 0.9577 | Acc: 0.5887
2021-09-22 20:01:20,280 - INFO - Epoch 8/30 |  val  | Loss: 0.9440 | Acc: 0.5988
2021-09-22 20:02:10,009 - INFO - Epoch 9/30 |  val  | Loss: 0.9505 | Acc: 0.5981
2021-09-22 20:02:59,632 - INFO - Epoch 10/30 |  val  | Loss: 0.9543 | Acc: 0.5963
2021-09-22 20:03:49,236 - INFO - Epoch 11/30 |  val  | Loss: 0.9661 | Acc: 0.5913
2021-09-22 20:04:38,868 - INFO - Epoch 12/30 |  val  | Loss: 0.9432 | Acc: 0.6038
2021-09-22 20:05:28,532 - INFO - Epoch 13/30 |  val  | Loss: 0.9357 | Acc: 0.6108
2021-09-22 20:06:18,238 - INFO - Epoch 14/30 |  val  | Loss: 0.9386 | Acc: 0.6131
2021-09-22 20:07:07,903 - INFO - Epoch 15/30 |  val  | Loss: 0.9429 | Acc: 0.6055
2021-09-22 20:07:57,475 - INFO - Epoch 16/30 |  val  | Loss: 0.9303 | Acc: 0.6117
2021-09-22 20:08:47,050 - INFO - Epoch 17/30 |  val  | Loss: 0.9598 | Acc: 0.6111
2021-09-22 20:09:36,657 - INFO - Epoch 18/30 |  val  | Loss: 0.9358 | Acc: 0.6143
2021-09-22 20:10:26,321 - INFO - Epoch 19/30 |  val  | Loss: 0.9488 | Acc: 0.6121
2021-09-22 20:11:15,867 - INFO - Epoch 20/30 |  val  | Loss: 0.9456 | Acc: 0.6142
2021-09-22 20:12:05,410 - INFO - Epoch 21/30 |  val  | Loss: 0.9473 | Acc: 0.6138
2021-09-22 20:12:55,092 - INFO - Epoch 22/30 |  val  | Loss: 0.9715 | Acc: 0.6050
2021-09-22 20:13:44,708 - INFO - Epoch 23/30 |  val  | Loss: 0.9552 | Acc: 0.6154
2021-09-22 20:14:34,383 - INFO - Epoch 24/30 |  val  | Loss: 0.9606 | Acc: 0.6113
2021-09-22 20:15:24,027 - INFO - Epoch 25/30 |  val  | Loss: 0.9738 | Acc: 0.6102
2021-09-22 20:16:13,569 - INFO - Epoch 26/30 |  val  | Loss: 0.9661 | Acc: 0.6120
2021-09-22 20:17:03,070 - INFO - Epoch 27/30 |  val  | Loss: 0.9560 | Acc: 0.6182
2021-09-22 20:17:52,749 - INFO - Epoch 28/30 |  val  | Loss: 1.0007 | Acc: 0.6154
2021-09-22 20:18:42,382 - INFO - Epoch 29/30 |  val  | Loss: 0.9910 | Acc: 0.6152
2021-09-22 20:19:32,052 - INFO - Epoch 30/30 |  val  | Loss: 0.9727 | Acc: 0.6124
