2021-09-22 18:30:17,020 - INFO - logger set up
2021-09-22 18:30:19,562 - INFO - 空のactionsの数: 1
2021-09-22 18:30:19,614 - INFO - north: 85951
2021-09-22 18:30:19,614 - INFO - south: 83001
2021-09-22 18:30:19,614 - INFO - west : 84103
2021-09-22 18:30:19,614 - INFO - east : 95241
2021-09-22 18:30:19,614 - INFO - bcity: 8497
2021-09-22 18:32:27,574 - INFO - logger set up
2021-09-22 18:32:31,241 - INFO - 空のactionsの数: 1
2021-09-22 18:32:31,293 - INFO - north: 85951
2021-09-22 18:32:31,293 - INFO - south: 83001
2021-09-22 18:32:31,293 - INFO - west : 84103
2021-09-22 18:32:31,293 - INFO - east : 95241
2021-09-22 18:32:31,293 - INFO - bcity: 8497
2021-09-22 18:34:12,081 - INFO - Epoch 1/30 |  val  | Loss: 1.0916 | Acc: 0.5193
2021-09-22 18:35:51,528 - INFO - Epoch 2/30 |  val  | Loss: 1.0370 | Acc: 0.5498
2021-09-22 18:37:31,052 - INFO - Epoch 3/30 |  val  | Loss: 1.0054 | Acc: 0.5680
2021-09-22 18:39:10,637 - INFO - Epoch 4/30 |  val  | Loss: 0.9714 | Acc: 0.5836
2021-09-22 18:40:50,361 - INFO - Epoch 5/30 |  val  | Loss: 0.9460 | Acc: 0.5999
2021-09-22 18:42:29,910 - INFO - Epoch 6/30 |  val  | Loss: 0.9327 | Acc: 0.6064
2021-09-22 18:44:09,652 - INFO - Epoch 7/30 |  val  | Loss: 0.9245 | Acc: 0.6110
2021-09-22 18:45:49,418 - INFO - Epoch 8/30 |  val  | Loss: 0.9178 | Acc: 0.6136
2021-09-22 18:47:29,117 - INFO - Epoch 9/30 |  val  | Loss: 0.9094 | Acc: 0.6204
2021-09-22 18:49:08,828 - INFO - Epoch 10/30 |  val  | Loss: 0.9131 | Acc: 0.6189
2021-09-22 18:50:48,443 - INFO - Epoch 11/30 |  val  | Loss: 0.8991 | Acc: 0.6261
2021-09-22 18:52:28,201 - INFO - Epoch 12/30 |  val  | Loss: 0.9046 | Acc: 0.6224
2021-09-22 18:54:07,670 - INFO - Epoch 13/30 |  val  | Loss: 0.8979 | Acc: 0.6248
2021-09-22 18:55:47,328 - INFO - Epoch 14/30 |  val  | Loss: 0.8968 | Acc: 0.6268
2021-09-22 18:57:26,999 - INFO - Epoch 15/30 |  val  | Loss: 0.9014 | Acc: 0.6263
2021-09-22 18:59:06,637 - INFO - Epoch 16/30 |  val  | Loss: 0.9021 | Acc: 0.6197
2021-09-22 19:00:46,274 - INFO - Epoch 17/30 |  val  | Loss: 0.8976 | Acc: 0.6236
2021-09-22 19:02:25,860 - INFO - Epoch 18/30 |  val  | Loss: 0.8968 | Acc: 0.6236
2021-09-22 19:04:05,514 - INFO - Epoch 19/30 |  val  | Loss: 0.8940 | Acc: 0.6285
2021-09-22 19:05:45,153 - INFO - Epoch 20/30 |  val  | Loss: 0.9120 | Acc: 0.6240
2021-09-22 19:07:24,627 - INFO - Epoch 21/30 |  val  | Loss: 0.8921 | Acc: 0.6342
2021-09-22 19:09:04,318 - INFO - Epoch 22/30 |  val  | Loss: 0.9124 | Acc: 0.6188
2021-09-22 19:10:44,067 - INFO - Epoch 23/30 |  val  | Loss: 0.8877 | Acc: 0.6331
2021-09-22 19:12:23,499 - INFO - Epoch 24/30 |  val  | Loss: 0.8880 | Acc: 0.6330
2021-09-22 19:14:03,063 - INFO - Epoch 25/30 |  val  | Loss: 0.8921 | Acc: 0.6293
2021-09-22 19:15:42,537 - INFO - Epoch 26/30 |  val  | Loss: 0.8948 | Acc: 0.6290
2021-09-22 19:17:22,067 - INFO - Epoch 27/30 |  val  | Loss: 0.9016 | Acc: 0.6265
2021-09-22 19:19:01,790 - INFO - Epoch 28/30 |  val  | Loss: 0.8974 | Acc: 0.6316
2021-09-22 19:20:41,379 - INFO - Epoch 29/30 |  val  | Loss: 0.8953 | Acc: 0.6300
2021-09-22 19:22:20,958 - INFO - Epoch 30/30 |  val  | Loss: 0.8934 | Acc: 0.6295
2021-09-22 19:41:49,162 - INFO - logger set up
2021-09-22 19:43:29,109 - INFO - logger set up
2021-09-22 19:43:32,669 - INFO - 空のactionsの数: 0
2021-09-22 19:43:32,737 - INFO - north: 105824
2021-09-22 19:43:32,737 - INFO - south: 120225
2021-09-22 19:43:32,737 - INFO - west : 125740
2021-09-22 19:43:32,737 - INFO - east : 111028
2021-09-22 19:43:32,737 - INFO - bcity: 18897
2021-09-22 19:45:50,097 - INFO - Epoch 1/30 |  val  | Loss: 1.0168 | Acc: 0.5574
2021-09-22 19:48:06,526 - INFO - Epoch 2/30 |  val  | Loss: 0.9652 | Acc: 0.5830
2021-09-22 19:50:23,093 - INFO - Epoch 3/30 |  val  | Loss: 0.9613 | Acc: 0.5881
