2021-10-07 07:59:52,978 - INFO - logger set up
2021-10-07 07:59:53,973 - INFO - Team: Toad Brigade
2021-10-07 08:00:25,635 - INFO - 空のactionsの数: 1
2021-10-07 08:00:26,048 - INFO - north: 519643
2021-10-07 08:00:26,048 - INFO - south: 882491
2021-10-07 08:00:26,048 - INFO - west : 741689
2021-10-07 08:00:26,048 - INFO - east : 480427
2021-10-07 08:00:26,048 - INFO - bcity: 206001
2021-10-07 08:00:26,048 - INFO - pillage:  68
2021-10-07 08:00:26,049 - INFO - transfer: 1072401
2021-10-07 08:19:10,727 - INFO - Epoch 1/10 |  val  | Loss(policy): 0.7378 | Loss(value): 0.0995 | Acc: 0.7083
2021-10-07 08:37:54,480 - INFO - Epoch 2/10 |  val  | Loss(policy): 0.6983 | Loss(value): 0.0337 | Acc: 0.7249
2021-10-07 08:56:38,996 - INFO - Epoch 3/10 |  val  | Loss(policy): 0.6773 | Loss(value): 0.0569 | Acc: 0.7331
2021-10-07 09:15:23,793 - INFO - Epoch 4/10 |  val  | Loss(policy): 0.6837 | Loss(value): 0.0230 | Acc: 0.7303
2021-10-07 09:34:07,823 - INFO - Epoch 5/10 |  val  | Loss(policy): 0.6798 | Loss(value): 0.0229 | Acc: 0.7308
2021-10-07 09:52:49,725 - INFO - Epoch 6/10 |  val  | Loss(policy): 0.6622 | Loss(value): 0.0139 | Acc: 0.7382
2021-10-07 10:11:32,536 - INFO - Epoch 7/10 |  val  | Loss(policy): 0.6648 | Loss(value): 0.0522 | Acc: 0.7374
2021-10-07 10:30:15,863 - INFO - Epoch 8/10 |  val  | Loss(policy): 0.6736 | Loss(value): 0.0143 | Acc: 0.7337
2021-10-07 10:48:59,085 - INFO - Epoch 9/10 |  val  | Loss(policy): 0.6568 | Loss(value): 0.0142 | Acc: 0.7407
2021-10-07 11:07:43,638 - INFO - Epoch 10/10 |  val  | Loss(policy): 0.6567 | Loss(value): 0.0124 | Acc: 0.7410
2021-10-07 19:03:52,135 - INFO - logger set up
2021-10-07 19:03:54,284 - INFO - Team: Toad Brigade
2021-10-07 19:13:16,886 - INFO - logger set up
2021-10-07 19:13:17,999 - INFO - Team: Toad Brigade
2021-10-07 19:13:26,718 - INFO - 空のactionsの数: 0
2021-10-07 19:13:26,826 - INFO - north: 178361
2021-10-07 19:13:26,826 - INFO - south: 190900
2021-10-07 19:13:26,826 - INFO - west : 193642
2021-10-07 19:13:26,826 - INFO - east : 177090
2021-10-07 19:13:26,827 - INFO - bcity: 67572
2021-10-07 19:13:26,827 - INFO - transfer: 176188
2021-10-07 19:18:10,526 - INFO - Epoch 1/10 |  val  | Loss(policy): 0.8454 | Loss(value): 0.0430 | Acc: 0.6680
2021-10-07 19:22:53,770 - INFO - Epoch 2/10 |  val  | Loss(policy): 0.7585 | Loss(value): 0.0935 | Acc: 0.7011
2021-10-07 19:27:37,441 - INFO - Epoch 3/10 |  val  | Loss(policy): 0.7327 | Loss(value): 0.0432 | Acc: 0.7128
2021-10-07 19:32:21,341 - INFO - Epoch 4/10 |  val  | Loss(policy): 0.7149 | Loss(value): 0.0071 | Acc: 0.7188
2021-10-07 19:37:05,305 - INFO - Epoch 5/10 |  val  | Loss(policy): 0.7100 | Loss(value): 0.0061 | Acc: 0.7204
2021-10-07 19:41:49,319 - INFO - Epoch 6/10 |  val  | Loss(policy): 0.7023 | Loss(value): 0.0049 | Acc: 0.7221
2021-10-07 19:46:33,145 - INFO - Epoch 7/10 |  val  | Loss(policy): 0.6830 | Loss(value): 0.0173 | Acc: 0.7309
2021-10-07 19:51:17,308 - INFO - Epoch 8/10 |  val  | Loss(policy): 0.6832 | Loss(value): 0.0132 | Acc: 0.7329
2021-10-07 19:56:01,844 - INFO - Epoch 9/10 |  val  | Loss(policy): 0.6791 | Loss(value): 0.0086 | Acc: 0.7343
2021-10-07 20:00:46,220 - INFO - Epoch 10/10 |  val  | Loss(policy): 0.6947 | Loss(value): 0.0282 | Acc: 0.7277
2021-10-07 20:33:37,769 - INFO - logger set up
2021-10-07 20:33:38,795 - INFO - Team: Toad Brigade
2021-10-07 20:34:12,895 - INFO - logger set up
2021-10-07 20:34:13,917 - INFO - Team: Toad Brigade
2021-10-07 20:34:22,225 - INFO - 空のactionsの数: 0
2021-10-07 20:34:22,252 - INFO - north: 51568
2021-10-07 20:34:22,252 - INFO - south: 50916
2021-10-07 20:34:22,252 - INFO - west : 55392
2021-10-07 20:34:22,252 - INFO - east : 59416
2021-10-07 20:34:22,252 - INFO - bcity: 16656
2021-10-07 20:34:22,252 - INFO - transfer: 16224
2021-10-07 20:35:34,987 - INFO - Epoch 1/10 |  val  | Loss(policy): 0.9003 | Loss(value): 0.0549 | Acc: 0.6419
2021-10-07 20:36:46,671 - INFO - Epoch 2/10 |  val  | Loss(policy): 0.7739 | Loss(value): 0.0091 | Acc: 0.6909
2021-10-07 20:37:58,405 - INFO - Epoch 3/10 |  val  | Loss(policy): 0.7434 | Loss(value): 0.0066 | Acc: 0.7086
2021-10-07 20:39:10,194 - INFO - Epoch 4/10 |  val  | Loss(policy): 0.7126 | Loss(value): 0.0019 | Acc: 0.7154
2021-10-07 20:40:21,975 - INFO - Epoch 5/10 |  val  | Loss(policy): 0.7020 | Loss(value): 0.0050 | Acc: 0.7231
2021-10-07 20:41:33,777 - INFO - Epoch 6/10 |  val  | Loss(policy): 0.6714 | Loss(value): 0.0014 | Acc: 0.7321
2021-10-07 20:42:45,822 - INFO - Epoch 7/10 |  val  | Loss(policy): 0.6616 | Loss(value): 0.0013 | Acc: 0.7379
2021-10-07 20:43:57,816 - INFO - Epoch 8/10 |  val  | Loss(policy): 0.6802 | Loss(value): 0.0009 | Acc: 0.7293
2021-10-07 20:45:09,741 - INFO - Epoch 9/10 |  val  | Loss(policy): 0.6536 | Loss(value): 0.0008 | Acc: 0.7415
2021-10-07 20:46:21,747 - INFO - Epoch 10/10 |  val  | Loss(policy): 0.6941 | Loss(value): 0.0015 | Acc: 0.7264
2021-10-07 21:19:09,614 - INFO - logger set up
2021-10-07 21:19:10,664 - INFO - Team: Toad Brigade
2021-10-07 21:19:17,821 - INFO - 空のactionsの数: 0
2021-10-07 21:19:17,889 - INFO - north: 121821
2021-10-07 21:19:17,889 - INFO - south: 128842
2021-10-07 21:19:17,889 - INFO - west : 131573
2021-10-07 21:19:17,890 - INFO - east : 127633
2021-10-07 21:19:17,890 - INFO - bcity: 46505
2021-10-07 21:19:17,890 - INFO - transfer: 78436
2021-10-07 21:22:23,128 - INFO - Epoch 1/10 |  val  | Loss(policy): 0.8882 | Loss(value): 0.0031 | Acc: 0.6463
2021-10-07 21:25:27,758 - INFO - Epoch 2/10 |  val  | Loss(policy): 0.7780 | Loss(value): 0.0031 | Acc: 0.6918
2021-10-07 21:28:32,798 - INFO - Epoch 3/10 |  val  | Loss(policy): 0.7459 | Loss(value): 0.0030 | Acc: 0.7032
2021-10-07 21:29:23,784 - INFO - logger set up
2021-10-07 21:29:25,976 - INFO - Team: Toad Brigade
2021-10-07 21:29:41,152 - INFO - 空のactionsの数: 0
2021-10-07 21:30:43,609 - INFO - logger set up
2021-10-07 21:30:44,614 - INFO - Team: Toad Brigade
2021-10-07 21:30:53,854 - INFO - 空のactionsの数: 0
2021-10-07 21:30:53,855 - INFO - obses:74441 samples:300496
2021-10-07 21:30:53,887 - INFO - north: 61693
2021-10-07 21:30:53,887 - INFO - south: 58385
2021-10-07 21:30:53,887 - INFO - west : 62994
2021-10-07 21:30:53,887 - INFO - east : 61653
2021-10-07 21:30:53,887 - INFO - bcity: 26410
2021-10-07 21:30:53,887 - INFO - transfer: 29361
2021-10-07 21:32:23,039 - INFO - Epoch 1/10 |  val  | Loss(policy): 0.7769 | Loss(value): 0.0066 | Acc: 0.6889
2021-10-07 21:33:50,914 - INFO - Epoch 2/10 |  val  | Loss(policy): 0.6423 | Loss(value): 0.0065 | Acc: 0.7421
2021-10-07 21:35:18,940 - INFO - Epoch 3/10 |  val  | Loss(policy): 0.6071 | Loss(value): 0.0065 | Acc: 0.7575
2021-10-07 21:36:46,919 - INFO - Epoch 4/10 |  val  | Loss(policy): 0.6013 | Loss(value): 0.0060 | Acc: 0.7622
2021-10-07 21:38:15,116 - INFO - Epoch 5/10 |  val  | Loss(policy): 0.5601 | Loss(value): 0.0047 | Acc: 0.7794
2021-10-07 21:39:43,605 - INFO - Epoch 6/10 |  val  | Loss(policy): 0.5630 | Loss(value): 0.0034 | Acc: 0.7775
2021-10-07 21:41:11,713 - INFO - Epoch 7/10 |  val  | Loss(policy): 0.5586 | Loss(value): 0.0020 | Acc: 0.7808
2021-10-07 21:42:40,075 - INFO - Epoch 8/10 |  val  | Loss(policy): 0.5442 | Loss(value): 0.0023 | Acc: 0.7887
2021-10-07 21:44:08,438 - INFO - Epoch 9/10 |  val  | Loss(policy): 0.5451 | Loss(value): 0.0033 | Acc: 0.7875
2021-10-07 21:45:36,708 - INFO - Epoch 10/10 |  val  | Loss(policy): 0.5308 | Loss(value): 0.0018 | Acc: 0.7950
2021-10-25 08:33:07,637 - INFO - logger set up
2021-10-25 08:33:08,807 - INFO - Team: Toad Brigade
2021-10-25 08:33:19,104 - INFO - 空のactionsの数: 0
2021-10-25 08:33:19,105 - INFO - obses:74441 samples:300496
2021-10-25 08:33:19,135 - INFO - north: 61693
2021-10-25 08:33:19,135 - INFO - south: 58385
2021-10-25 08:33:19,135 - INFO - west : 62994
2021-10-25 08:33:19,135 - INFO - east : 61653
2021-10-25 08:33:19,135 - INFO - bcity: 26410
2021-10-25 08:33:19,135 - INFO - transfer: 29361
2021-10-25 08:34:44,944 - INFO - Epoch 1/10 |  val  | Loss(policy): 0.7324 | Loss(value): 0.0066 | Acc: 0.7085
2021-10-25 08:36:09,513 - INFO - Epoch 2/10 |  val  | Loss(policy): 0.6817 | Loss(value): 0.0066 | Acc: 0.7285
2021-10-25 08:37:34,483 - INFO - Epoch 3/10 |  val  | Loss(policy): 0.6648 | Loss(value): 0.0064 | Acc: 0.7432
2021-10-25 08:38:59,333 - INFO - Epoch 4/10 |  val  | Loss(policy): 0.6029 | Loss(value): 0.0063 | Acc: 0.7637
2021-10-25 08:40:24,466 - INFO - Epoch 5/10 |  val  | Loss(policy): 0.5850 | Loss(value): 0.0061 | Acc: 0.7716
2021-10-25 08:41:49,405 - INFO - Epoch 6/10 |  val  | Loss(policy): 0.5785 | Loss(value): 0.0056 | Acc: 0.7733
2021-10-25 08:43:14,277 - INFO - Epoch 7/10 |  val  | Loss(policy): 0.5670 | Loss(value): 0.0034 | Acc: 0.7817
2021-10-25 08:44:39,513 - INFO - Epoch 8/10 |  val  | Loss(policy): 0.5567 | Loss(value): 0.0028 | Acc: 0.7830
2021-10-25 08:46:04,918 - INFO - Epoch 9/10 |  val  | Loss(policy): 0.5625 | Loss(value): 0.0019 | Acc: 0.7803
2021-10-25 08:47:29,787 - INFO - Epoch 10/10 |  val  | Loss(policy): 0.5434 | Loss(value): 0.0017 | Acc: 0.7917
2021-10-26 09:27:45,678 - INFO - logger set up
2021-10-26 09:27:47,194 - INFO - Team: Toad Brigade
2021-10-26 09:27:55,896 - INFO - 空のactionsの数: 0
2021-10-26 09:27:55,897 - INFO - obses:74441 samples:300496
2021-10-26 09:27:55,926 - INFO - north: 61693
2021-10-26 09:27:55,926 - INFO - south: 58385
2021-10-26 09:27:55,926 - INFO - west : 62994
2021-10-26 09:27:55,926 - INFO - east : 61653
2021-10-26 09:27:55,926 - INFO - bcity: 26410
2021-10-26 09:27:55,926 - INFO - transfer: 29361
2021-10-26 09:29:21,969 - INFO - Epoch 1/10 |  val  | Loss(policy): 0.7255 | Loss(value): 0.0066 | Acc: 0.7110
2021-10-26 09:30:46,914 - INFO - Epoch 2/10 |  val  | Loss(policy): 0.7141 | Loss(value): 0.0065 | Acc: 0.7167
2021-10-26 09:32:11,981 - INFO - Epoch 3/10 |  val  | Loss(policy): 0.6211 | Loss(value): 0.0064 | Acc: 0.7564
2021-10-26 09:33:37,025 - INFO - Epoch 4/10 |  val  | Loss(policy): 0.5893 | Loss(value): 0.0063 | Acc: 0.7691
2021-10-26 09:35:02,108 - INFO - Epoch 5/10 |  val  | Loss(policy): 0.5921 | Loss(value): 0.0052 | Acc: 0.7647
2021-10-26 09:36:27,110 - INFO - Epoch 6/10 |  val  | Loss(policy): 0.5662 | Loss(value): 0.0032 | Acc: 0.7790
2021-10-26 09:37:52,410 - INFO - Epoch 7/10 |  val  | Loss(policy): 0.5690 | Loss(value): 0.0030 | Acc: 0.7785
2021-10-26 09:39:17,412 - INFO - Epoch 8/10 |  val  | Loss(policy): 0.5484 | Loss(value): 0.0016 | Acc: 0.7837
2021-10-26 09:40:42,715 - INFO - Epoch 9/10 |  val  | Loss(policy): 0.5483 | Loss(value): 0.0012 | Acc: 0.7871
2021-10-26 09:42:07,958 - INFO - Epoch 10/10 |  val  | Loss(policy): 0.5283 | Loss(value): 0.0021 | Acc: 0.7946
