2021-09-20 21:59:48,728 - INFO - logger set up
2021-09-20 22:09:19,750 - INFO - logger set up
2021-09-20 22:09:29,706 - INFO - north: 86609
2021-09-20 22:09:29,706 - INFO - south: 168680
2021-09-20 22:09:29,706 - INFO - west : 111140
2021-09-20 22:09:29,707 - INFO - east : 80033
2021-09-20 22:09:29,707 - INFO - bcity: 36488
2021-09-20 22:11:27,051 - INFO - Epoch 1/15 |  val  | Loss: 0.7814 | Acc: 0.6884
2021-09-20 22:13:23,506 - INFO - Epoch 2/15 |  val  | Loss: 0.7731 | Acc: 0.6903
2021-09-20 22:15:19,802 - INFO - Epoch 3/15 |  val  | Loss: 0.7148 | Acc: 0.7124
2021-09-20 22:17:16,068 - INFO - Epoch 4/15 |  val  | Loss: 0.6872 | Acc: 0.7254
2021-09-20 22:19:12,377 - INFO - Epoch 5/15 |  val  | Loss: 0.6949 | Acc: 0.7253
2021-09-20 22:21:08,802 - INFO - Epoch 6/15 |  val  | Loss: 0.6897 | Acc: 0.7223
2021-09-20 22:23:05,401 - INFO - Epoch 7/15 |  val  | Loss: 0.6625 | Acc: 0.7349
2021-09-20 22:25:01,953 - INFO - Epoch 8/15 |  val  | Loss: 0.6757 | Acc: 0.7291
2021-09-20 22:26:58,587 - INFO - Epoch 9/15 |  val  | Loss: 0.6886 | Acc: 0.7292
2021-09-20 22:28:55,144 - INFO - Epoch 10/15 |  val  | Loss: 0.6527 | Acc: 0.7374
2021-09-20 22:30:51,731 - INFO - Epoch 11/15 |  val  | Loss: 0.6739 | Acc: 0.7291
2021-09-20 22:32:48,193 - INFO - Epoch 12/15 |  val  | Loss: 0.6686 | Acc: 0.7314
2021-09-20 22:34:44,927 - INFO - Epoch 13/15 |  val  | Loss: 0.6658 | Acc: 0.7346
2021-09-20 22:36:41,617 - INFO - Epoch 14/15 |  val  | Loss: 0.6495 | Acc: 0.7415
2021-09-20 22:38:38,301 - INFO - Epoch 15/15 |  val  | Loss: 0.6679 | Acc: 0.7320
