2021-09-21 18:14:03,547 - INFO - logger set up
2021-09-21 18:14:13,752 - INFO - north: 86609
2021-09-21 18:14:13,752 - INFO - south: 168680
2021-09-21 18:14:13,752 - INFO - west : 111140
2021-09-21 18:14:13,753 - INFO - east : 80033
2021-09-21 18:14:13,753 - INFO - bcity: 36488
2021-09-21 18:14:43,953 - INFO - logger set up
2021-09-21 18:14:54,029 - INFO - north: 86609
2021-09-21 18:14:54,029 - INFO - south: 168680
2021-09-21 18:14:54,029 - INFO - west : 111140
2021-09-21 18:14:54,029 - INFO - east : 80033
2021-09-21 18:14:54,029 - INFO - bcity: 36488
2021-09-21 18:17:10,856 - INFO - Epoch 1/20 |  val  | Loss: 0.7129 | Acc: 0.7141
2021-09-21 18:19:26,966 - INFO - Epoch 2/20 |  val  | Loss: 0.6486 | Acc: 0.7411
2021-09-21 18:21:42,892 - INFO - Epoch 3/20 |  val  | Loss: 0.6126 | Acc: 0.7529
2021-09-21 18:23:58,848 - INFO - Epoch 4/20 |  val  | Loss: 0.6004 | Acc: 0.7571
2021-09-21 18:26:14,628 - INFO - Epoch 5/20 |  val  | Loss: 0.6022 | Acc: 0.7574
2021-09-21 18:28:30,643 - INFO - Epoch 6/20 |  val  | Loss: 0.5913 | Acc: 0.7639
2021-09-21 18:30:46,581 - INFO - Epoch 7/20 |  val  | Loss: 0.5584 | Acc: 0.7765
2021-09-21 18:33:02,607 - INFO - Epoch 8/20 |  val  | Loss: 0.5607 | Acc: 0.7755
2021-09-21 18:35:18,477 - INFO - Epoch 9/20 |  val  | Loss: 0.5467 | Acc: 0.7815
2021-09-21 18:37:34,521 - INFO - Epoch 10/20 |  val  | Loss: 0.5504 | Acc: 0.7802
2021-09-21 18:39:50,424 - INFO - Epoch 11/20 |  val  | Loss: 0.5404 | Acc: 0.7833
2021-09-21 18:42:06,543 - INFO - Epoch 12/20 |  val  | Loss: 0.5543 | Acc: 0.7808
2021-09-21 18:44:22,326 - INFO - Epoch 13/20 |  val  | Loss: 0.5487 | Acc: 0.7795
2021-09-21 18:46:38,296 - INFO - Epoch 14/20 |  val  | Loss: 0.5404 | Acc: 0.7844
2021-09-21 18:48:54,417 - INFO - Epoch 15/20 |  val  | Loss: 0.5623 | Acc: 0.7757
2021-09-21 18:51:10,495 - INFO - Epoch 16/20 |  val  | Loss: 0.5414 | Acc: 0.7829
2021-09-21 18:53:26,600 - INFO - Epoch 17/20 |  val  | Loss: 0.5551 | Acc: 0.7801
2021-09-21 18:55:42,729 - INFO - Epoch 18/20 |  val  | Loss: 0.5389 | Acc: 0.7864
2021-09-21 18:57:58,761 - INFO - Epoch 19/20 |  val  | Loss: 0.5324 | Acc: 0.7863
2021-09-21 19:00:14,677 - INFO - Epoch 20/20 |  val  | Loss: 0.5362 | Acc: 0.7870
