2021-09-22 21:27:20,247 - INFO - logger set up
2021-09-22 21:27:27,394 - INFO - north: 32853
2021-09-22 21:27:27,395 - INFO - south: 30695
2021-09-22 21:27:27,395 - INFO - west : 31265
2021-09-22 21:27:27,395 - INFO - east : 37555
2021-09-22 21:27:27,395 - INFO - bcity: 2909
2021-09-22 21:28:07,663 - INFO - Epoch 1/30 |  val  | Loss: 1.1376 | Acc: 0.4948
2021-09-22 21:28:46,480 - INFO - Epoch 2/30 |  val  | Loss: 1.0766 | Acc: 0.5277
2021-09-22 21:29:25,538 - INFO - Epoch 3/30 |  val  | Loss: 1.0426 | Acc: 0.5495
2021-09-22 21:30:04,689 - INFO - Epoch 4/30 |  val  | Loss: 1.0115 | Acc: 0.5682
2021-09-22 21:30:43,836 - INFO - Epoch 5/30 |  val  | Loss: 1.0170 | Acc: 0.5617
2021-09-22 21:31:22,906 - INFO - Epoch 6/30 |  val  | Loss: 0.9695 | Acc: 0.5859
2021-09-22 21:32:02,183 - INFO - Epoch 7/30 |  val  | Loss: 0.9586 | Acc: 0.5902
2021-09-22 21:32:41,343 - INFO - Epoch 8/30 |  val  | Loss: 0.9394 | Acc: 0.5993
2021-09-22 21:33:20,582 - INFO - Epoch 9/30 |  val  | Loss: 0.9403 | Acc: 0.6025
2021-09-22 21:34:00,051 - INFO - Epoch 10/30 |  val  | Loss: 0.9457 | Acc: 0.6018
2021-09-22 21:34:39,450 - INFO - Epoch 11/30 |  val  | Loss: 0.9474 | Acc: 0.6030
2021-09-22 21:35:18,773 - INFO - Epoch 12/30 |  val  | Loss: 0.9502 | Acc: 0.6030
2021-09-22 21:35:57,865 - INFO - Epoch 13/30 |  val  | Loss: 0.9239 | Acc: 0.6171
2021-09-22 21:36:37,150 - INFO - Epoch 14/30 |  val  | Loss: 0.9316 | Acc: 0.6130
2021-09-22 21:37:16,454 - INFO - Epoch 15/30 |  val  | Loss: 0.9579 | Acc: 0.6088
2021-09-22 21:37:55,597 - INFO - Epoch 16/30 |  val  | Loss: 0.9645 | Acc: 0.6120
2021-09-22 21:38:34,659 - INFO - Epoch 17/30 |  val  | Loss: 0.9793 | Acc: 0.6011
2021-09-22 21:39:13,855 - INFO - Epoch 18/30 |  val  | Loss: 0.9684 | Acc: 0.6098
2021-09-22 21:39:53,062 - INFO - Epoch 19/30 |  val  | Loss: 0.9715 | Acc: 0.6057
2021-09-22 21:40:32,182 - INFO - Epoch 20/30 |  val  | Loss: 0.9666 | Acc: 0.6113
2021-09-22 21:41:11,233 - INFO - Epoch 21/30 |  val  | Loss: 0.9662 | Acc: 0.6109
2021-09-22 21:41:50,529 - INFO - Epoch 22/30 |  val  | Loss: 1.0200 | Acc: 0.6055
2021-09-22 21:42:29,724 - INFO - Epoch 23/30 |  val  | Loss: 0.9840 | Acc: 0.6117
2021-09-22 21:43:08,732 - INFO - Epoch 24/30 |  val  | Loss: 1.0134 | Acc: 0.6050
2021-09-22 21:43:47,994 - INFO - Epoch 25/30 |  val  | Loss: 1.0177 | Acc: 0.6093
2021-09-22 21:44:27,138 - INFO - Epoch 26/30 |  val  | Loss: 1.0143 | Acc: 0.6095
2021-09-22 21:45:06,312 - INFO - Epoch 27/30 |  val  | Loss: 1.0085 | Acc: 0.6085
2021-09-22 21:45:45,785 - INFO - Epoch 28/30 |  val  | Loss: 1.0091 | Acc: 0.6108
2021-09-22 21:46:24,919 - INFO - Epoch 29/30 |  val  | Loss: 1.0254 | Acc: 0.6115
2021-09-22 21:47:04,148 - INFO - Epoch 30/30 |  val  | Loss: 1.0448 | Acc: 0.6036
