2021-10-06 08:08:56,379 - INFO - logger set up
2021-10-06 08:13:49,845 - INFO - logger set up
2021-10-06 08:13:50,814 - INFO - Team: Toad Brigade
2021-10-06 08:13:59,965 - INFO - 空のactionsの数: 0
2021-10-06 08:14:00,058 - INFO - north: 85533
2021-10-06 08:14:00,058 - INFO - south: 171457
2021-10-06 08:14:00,058 - INFO - west : 111774
2021-10-06 08:14:00,058 - INFO - east : 81275
2021-10-06 08:14:00,058 - INFO - bcity: 36831
2021-10-06 08:14:00,058 - INFO - pillage:   5
2021-10-06 08:14:00,058 - INFO - transfer: 233240
2021-10-06 08:17:23,977 - INFO - Epoch 1/10 |  val  | Loss: 0.7384 | Acc: 0.7144
2021-10-06 08:20:47,078 - INFO - Epoch 2/10 |  val  | Loss: 0.6835 | Acc: 0.7353
2021-10-06 08:24:10,104 - INFO - Epoch 3/10 |  val  | Loss: 0.6492 | Acc: 0.7484
2021-10-06 08:27:33,325 - INFO - Epoch 4/10 |  val  | Loss: 0.6315 | Acc: 0.7544
2021-10-06 08:30:56,785 - INFO - Epoch 5/10 |  val  | Loss: 0.6281 | Acc: 0.7547
2021-10-06 08:34:19,988 - INFO - Epoch 6/10 |  val  | Loss: 0.6469 | Acc: 0.7504
2021-10-06 08:37:43,409 - INFO - Epoch 7/10 |  val  | Loss: 0.6206 | Acc: 0.7572
2021-10-06 08:41:06,750 - INFO - Epoch 8/10 |  val  | Loss: 0.5967 | Acc: 0.7691
2021-10-06 08:44:30,234 - INFO - Epoch 9/10 |  val  | Loss: 0.5947 | Acc: 0.7723
2021-10-06 08:47:53,721 - INFO - Epoch 10/10 |  val  | Loss: 0.6041 | Acc: 0.7634
